2023-09-22 02:45:00,265 [Worker-6: Loading available Gradle versions] INFO  o.e.b.c.i.u.g.PublishedGradleVersions - Gradle version information cache is up-to-date. Trying to read.
2023-09-23 00:15:23,949 [Worker-9: Loading available Gradle versions] INFO  o.e.b.c.i.u.g.PublishedGradleVersions - Gradle version information cache is up-to-date. Trying to read.
2023-09-23 01:01:35,745 [Worker-0: Loading available Gradle versions] INFO  o.e.b.c.i.u.g.PublishedGradleVersions - Gradle version information cache is up-to-date. Trying to read.
2023-09-23 01:18:11,678 [Worker-27: Enabling Maven Dependency Management] INFO  o.e.m.c.i.l.LifecycleMappingFactory - Using org.eclipse.m2e.jdt.JarLifecycleMapping lifecycle mapping for MavenProject: FileUploadAndDownload:FileUploadAndDownload:0.0.1-SNAPSHOT @ C:\Users\nites\Desktop\SELENIUM\code\20_File_Upload_Download\FileUploadAndDownload\pom.xml.
2023-09-23 01:18:13,158 [Worker-35: Building] WARN  o.a.m.s.f.DefaultMavenResourcesFiltering - Using platform encoding (Cp1252 actually) to copy filtered resources, i.e. build is platform dependent!
2023-09-23 01:18:13,159 [Worker-35: Building] INFO  o.a.m.s.f.DefaultMavenResourcesFiltering - skip non existing resourceDirectory C:\Users\nites\Desktop\SELENIUM\code\20_File_Upload_Download\FileUploadAndDownload\src\main\resources
2023-09-23 01:18:13,166 [Worker-35: Building] WARN  o.a.m.s.f.DefaultMavenResourcesFiltering - Using platform encoding (Cp1252 actually) to copy filtered resources, i.e. build is platform dependent!
2023-09-23 01:18:13,169 [Worker-35: Building] INFO  o.a.m.s.f.DefaultMavenResourcesFiltering - skip non existing resourceDirectory C:\Users\nites\Desktop\SELENIUM\code\20_File_Upload_Download\FileUploadAndDownload\src\test\resources
2023-09-23 01:18:13,500 [Worker-27: Enabling Maven Dependency Management] INFO  o.e.m.j.i.AbstractJavaProjectConfigurator - Adding source folder /FileUploadAndDownload/src
2023-09-23 01:18:13,502 [Worker-27: Enabling Maven Dependency Management] INFO  o.e.m.j.i.AbstractJavaProjectConfigurator - Resources folder /FileUploadAndDownload/src/main/resources overlaps with sources folder /FileUploadAndDownload/src
2023-09-23 01:18:13,503 [Worker-27: Enabling Maven Dependency Management] INFO  o.e.m.j.i.AbstractJavaProjectConfigurator - Not adding source folder /FileUploadAndDownload/src/test/java because it overlaps with /FileUploadAndDownload/src
2023-09-23 01:18:13,504 [Worker-27: Enabling Maven Dependency Management] INFO  o.e.m.j.i.AbstractJavaProjectConfigurator - Resources folder /FileUploadAndDownload/src/test/resources overlaps with sources folder /FileUploadAndDownload/src
2023-09-23 01:18:13,690 [Worker-27: Enabling Maven Dependency Management] INFO  o.e.m.c.i.p.ProjectConfigurationManager - Update started
2023-09-23 01:18:14,130 [Worker-27: Enabling Maven Dependency Management] INFO  o.e.m.c.i.l.LifecycleMappingFactory - Using org.eclipse.m2e.jdt.JarLifecycleMapping lifecycle mapping for MavenProject: FileUploadAndDownload:FileUploadAndDownload:0.0.1-SNAPSHOT @ C:\Users\nites\Desktop\SELENIUM\code\20_File_Upload_Download\FileUploadAndDownload\pom.xml.
2023-09-23 01:18:14,383 [Worker-27: Enabling Maven Dependency Management] INFO  o.e.m.j.i.AbstractJavaProjectConfigurator - Adding source folder /FileUploadAndDownload/src
2023-09-23 01:18:14,383 [Worker-27: Enabling Maven Dependency Management] INFO  o.e.m.j.i.AbstractJavaProjectConfigurator - Resources folder /FileUploadAndDownload/src/main/resources overlaps with sources folder /FileUploadAndDownload/src
2023-09-23 01:18:14,384 [Worker-27: Enabling Maven Dependency Management] INFO  o.e.m.j.i.AbstractJavaProjectConfigurator - Not adding source folder /FileUploadAndDownload/src/test/java because it overlaps with /FileUploadAndDownload/src
2023-09-23 01:18:14,384 [Worker-27: Enabling Maven Dependency Management] INFO  o.e.m.j.i.AbstractJavaProjectConfigurator - Resources folder /FileUploadAndDownload/src/test/resources overlaps with sources folder /FileUploadAndDownload/src
2023-09-23 01:18:14,448 [Worker-27: Enabling Maven Dependency Management] INFO  o.e.m.c.i.p.ProjectConfigurationManager - Update completed for 1 poms: local refresh takes 0.00 sec, refresh facades takes 0.00 sec, update config takes 0.00 sec 
2023-09-23 01:18:14,586 [Worker-35: Building] WARN  o.a.m.s.f.DefaultMavenResourcesFiltering - Using platform encoding (Cp1252 actually) to copy filtered resources, i.e. build is platform dependent!
2023-09-23 01:18:14,586 [Worker-35: Building] INFO  o.a.m.s.f.DefaultMavenResourcesFiltering - skip non existing resourceDirectory C:\Users\nites\Desktop\SELENIUM\code\20_File_Upload_Download\FileUploadAndDownload\src\main\resources
2023-09-23 01:18:14,590 [Worker-35: Building] WARN  o.a.m.s.f.DefaultMavenResourcesFiltering - Using platform encoding (Cp1252 actually) to copy filtered resources, i.e. build is platform dependent!
2023-09-23 01:18:14,591 [Worker-35: Building] INFO  o.a.m.s.f.DefaultMavenResourcesFiltering - skip non existing resourceDirectory C:\Users\nites\Desktop\SELENIUM\code\20_File_Upload_Download\FileUploadAndDownload\src\test\resources
2023-09-23 01:18:35,813 [Worker-34: Building] INFO  o.e.m.c.i.l.LifecycleMappingFactory - Using org.eclipse.m2e.jdt.JarLifecycleMapping lifecycle mapping for MavenProject: FileUploadAndDownload:FileUploadAndDownload:0.0.1-SNAPSHOT @ C:\Users\nites\Desktop\SELENIUM\code\20_File_Upload_Download\FileUploadAndDownload\pom.xml.
2023-09-23 01:18:39,819 [Worker-34: Building] WARN  o.a.m.s.f.DefaultMavenResourcesFiltering - Using platform encoding (Cp1252 actually) to copy filtered resources, i.e. build is platform dependent!
2023-09-23 01:18:39,820 [Worker-34: Building] INFO  o.a.m.s.f.DefaultMavenResourcesFiltering - skip non existing resourceDirectory C:\Users\nites\Desktop\SELENIUM\code\20_File_Upload_Download\FileUploadAndDownload\src\main\resources
2023-09-23 01:18:39,823 [Worker-34: Building] WARN  o.a.m.s.f.DefaultMavenResourcesFiltering - Using platform encoding (Cp1252 actually) to copy filtered resources, i.e. build is platform dependent!
2023-09-23 01:18:39,824 [Worker-34: Building] INFO  o.a.m.s.f.DefaultMavenResourcesFiltering - skip non existing resourceDirectory C:\Users\nites\Desktop\SELENIUM\code\20_File_Upload_Download\FileUploadAndDownload\src\test\resources
2023-09-23 01:19:13,618 [Worker-36: Building] WARN  o.a.m.s.f.DefaultMavenResourcesFiltering - Using platform encoding (Cp1252 actually) to copy filtered resources, i.e. build is platform dependent!
2023-09-23 01:19:13,619 [Worker-36: Building] INFO  o.a.m.s.f.DefaultMavenResourcesFiltering - skip non existing resourceDirectory C:\Users\nites\Desktop\SELENIUM\code\20_File_Upload_Download\FileUploadAndDownload\src\main\resources
2023-09-23 01:19:13,621 [Worker-36: Building] WARN  o.a.m.s.f.DefaultMavenResourcesFiltering - Using platform encoding (Cp1252 actually) to copy filtered resources, i.e. build is platform dependent!
2023-09-23 01:19:13,622 [Worker-36: Building] INFO  o.a.m.s.f.DefaultMavenResourcesFiltering - skip non existing resourceDirectory C:\Users\nites\Desktop\SELENIUM\code\20_File_Upload_Download\FileUploadAndDownload\src\test\resources
2023-09-23 01:19:41,032 [Worker-27: Building] WARN  o.a.m.s.f.DefaultMavenResourcesFiltering - Using platform encoding (Cp1252 actually) to copy filtered resources, i.e. build is platform dependent!
2023-09-23 01:19:41,033 [Worker-27: Building] INFO  o.a.m.s.f.DefaultMavenResourcesFiltering - skip non existing resourceDirectory C:\Users\nites\Desktop\SELENIUM\code\20_File_Upload_Download\FileUploadAndDownload\src\main\resources
2023-09-23 01:19:41,035 [Worker-27: Building] WARN  o.a.m.s.f.DefaultMavenResourcesFiltering - Using platform encoding (Cp1252 actually) to copy filtered resources, i.e. build is platform dependent!
2023-09-23 01:19:41,036 [Worker-27: Building] INFO  o.a.m.s.f.DefaultMavenResourcesFiltering - skip non existing resourceDirectory C:\Users\nites\Desktop\SELENIUM\code\20_File_Upload_Download\FileUploadAndDownload\src\test\resources
2023-09-23 01:21:17,823 [Worker-31: Launching WindowPopUp] WARN  o.a.m.s.f.DefaultMavenResourcesFiltering - Using platform encoding (Cp1252 actually) to copy filtered resources, i.e. build is platform dependent!
2023-09-23 01:21:17,825 [Worker-31: Launching WindowPopUp] INFO  o.a.m.s.f.DefaultMavenResourcesFiltering - skip non existing resourceDirectory C:\Users\nites\Desktop\SELENIUM\code\20_File_Upload_Download\FileUploadAndDownload\src\main\resources
2023-09-23 01:21:17,828 [Worker-31: Launching WindowPopUp] WARN  o.a.m.s.f.DefaultMavenResourcesFiltering - Using platform encoding (Cp1252 actually) to copy filtered resources, i.e. build is platform dependent!
2023-09-23 01:21:17,829 [Worker-31: Launching WindowPopUp] INFO  o.a.m.s.f.DefaultMavenResourcesFiltering - skip non existing resourceDirectory C:\Users\nites\Desktop\SELENIUM\code\20_File_Upload_Download\FileUploadAndDownload\src\test\resources
2023-09-23 01:21:35,183 [Worker-34: Building] WARN  o.a.m.s.f.DefaultMavenResourcesFiltering - Using platform encoding (Cp1252 actually) to copy filtered resources, i.e. build is platform dependent!
2023-09-23 01:21:35,185 [Worker-34: Building] INFO  o.a.m.s.f.DefaultMavenResourcesFiltering - skip non existing resourceDirectory C:\Users\nites\Desktop\SELENIUM\code\20_File_Upload_Download\FileUploadAndDownload\src\main\resources
2023-09-23 01:21:35,187 [Worker-34: Building] WARN  o.a.m.s.f.DefaultMavenResourcesFiltering - Using platform encoding (Cp1252 actually) to copy filtered resources, i.e. build is platform dependent!
2023-09-23 01:21:35,188 [Worker-34: Building] INFO  o.a.m.s.f.DefaultMavenResourcesFiltering - skip non existing resourceDirectory C:\Users\nites\Desktop\SELENIUM\code\20_File_Upload_Download\FileUploadAndDownload\src\test\resources
2023-09-23 01:53:27,551 [Worker-40: Building] WARN  o.a.m.s.f.DefaultMavenResourcesFiltering - Using platform encoding (Cp1252 actually) to copy filtered resources, i.e. build is platform dependent!
2023-09-23 01:53:27,552 [Worker-40: Building] INFO  o.a.m.s.f.DefaultMavenResourcesFiltering - skip non existing resourceDirectory C:\Users\nites\Desktop\SELENIUM\code\20_File_Upload_Download\FileUploadAndDownload\src\main\resources
2023-09-23 01:53:27,554 [Worker-40: Building] WARN  o.a.m.s.f.DefaultMavenResourcesFiltering - Using platform encoding (Cp1252 actually) to copy filtered resources, i.e. build is platform dependent!
2023-09-23 01:53:27,554 [Worker-40: Building] INFO  o.a.m.s.f.DefaultMavenResourcesFiltering - skip non existing resourceDirectory C:\Users\nites\Desktop\SELENIUM\code\20_File_Upload_Download\FileUploadAndDownload\src\test\resources
2023-09-23 01:54:57,566 [Worker-43: Building] WARN  o.a.m.s.f.DefaultMavenResourcesFiltering - Using platform encoding (Cp1252 actually) to copy filtered resources, i.e. build is platform dependent!
2023-09-23 01:54:57,567 [Worker-43: Building] INFO  o.a.m.s.f.DefaultMavenResourcesFiltering - skip non existing resourceDirectory C:\Users\nites\Desktop\SELENIUM\code\20_File_Upload_Download\FileUploadAndDownload\src\main\resources
2023-09-23 01:54:57,585 [Worker-43: Building] WARN  o.a.m.s.f.DefaultMavenResourcesFiltering - Using platform encoding (Cp1252 actually) to copy filtered resources, i.e. build is platform dependent!
2023-09-23 01:54:57,587 [Worker-43: Building] INFO  o.a.m.s.f.DefaultMavenResourcesFiltering - skip non existing resourceDirectory C:\Users\nites\Desktop\SELENIUM\code\20_File_Upload_Download\FileUploadAndDownload\src\test\resources
2023-09-23 01:55:20,944 [Worker-40: Building] WARN  o.a.m.s.f.DefaultMavenResourcesFiltering - Using platform encoding (Cp1252 actually) to copy filtered resources, i.e. build is platform dependent!
2023-09-23 01:55:20,945 [Worker-40: Building] INFO  o.a.m.s.f.DefaultMavenResourcesFiltering - skip non existing resourceDirectory C:\Users\nites\Desktop\SELENIUM\code\20_File_Upload_Download\FileUploadAndDownload\src\main\resources
2023-09-23 01:55:20,951 [Worker-40: Building] WARN  o.a.m.s.f.DefaultMavenResourcesFiltering - Using platform encoding (Cp1252 actually) to copy filtered resources, i.e. build is platform dependent!
2023-09-23 01:55:20,955 [Worker-40: Building] INFO  o.a.m.s.f.DefaultMavenResourcesFiltering - skip non existing resourceDirectory C:\Users\nites\Desktop\SELENIUM\code\20_File_Upload_Download\FileUploadAndDownload\src\test\resources
2023-09-23 01:59:19,249 [Worker-43: Building] WARN  o.a.m.s.f.DefaultMavenResourcesFiltering - Using platform encoding (Cp1252 actually) to copy filtered resources, i.e. build is platform dependent!
2023-09-23 01:59:19,251 [Worker-43: Building] INFO  o.a.m.s.f.DefaultMavenResourcesFiltering - skip non existing resourceDirectory C:\Users\nites\Desktop\SELENIUM\code\20_File_Upload_Download\FileUploadAndDownload\src\main\resources
2023-09-23 01:59:19,254 [Worker-43: Building] WARN  o.a.m.s.f.DefaultMavenResourcesFiltering - Using platform encoding (Cp1252 actually) to copy filtered resources, i.e. build is platform dependent!
2023-09-23 01:59:19,255 [Worker-43: Building] INFO  o.a.m.s.f.DefaultMavenResourcesFiltering - skip non existing resourceDirectory C:\Users\nites\Desktop\SELENIUM\code\20_File_Upload_Download\FileUploadAndDownload\src\test\resources
2023-09-23 02:00:08,112 [Worker-40: Launching FileUpload] WARN  o.a.m.s.f.DefaultMavenResourcesFiltering - Using platform encoding (Cp1252 actually) to copy filtered resources, i.e. build is platform dependent!
2023-09-23 02:00:08,113 [Worker-40: Launching FileUpload] INFO  o.a.m.s.f.DefaultMavenResourcesFiltering - skip non existing resourceDirectory C:\Users\nites\Desktop\SELENIUM\code\20_File_Upload_Download\FileUploadAndDownload\src\main\resources
2023-09-23 02:00:08,120 [Worker-40: Launching FileUpload] WARN  o.a.m.s.f.DefaultMavenResourcesFiltering - Using platform encoding (Cp1252 actually) to copy filtered resources, i.e. build is platform dependent!
2023-09-23 02:00:08,121 [Worker-40: Launching FileUpload] INFO  o.a.m.s.f.DefaultMavenResourcesFiltering - skip non existing resourceDirectory C:\Users\nites\Desktop\SELENIUM\code\20_File_Upload_Download\FileUploadAndDownload\src\test\resources
2023-09-23 02:01:14,179 [Worker-42: Building] WARN  o.a.m.s.f.DefaultMavenResourcesFiltering - Using platform encoding (Cp1252 actually) to copy filtered resources, i.e. build is platform dependent!
2023-09-23 02:01:14,180 [Worker-42: Building] INFO  o.a.m.s.f.DefaultMavenResourcesFiltering - skip non existing resourceDirectory C:\Users\nites\Desktop\SELENIUM\code\20_File_Upload_Download\FileUploadAndDownload\src\main\resources
2023-09-23 02:01:14,182 [Worker-42: Building] WARN  o.a.m.s.f.DefaultMavenResourcesFiltering - Using platform encoding (Cp1252 actually) to copy filtered resources, i.e. build is platform dependent!
2023-09-23 02:01:14,182 [Worker-42: Building] INFO  o.a.m.s.f.DefaultMavenResourcesFiltering - skip non existing resourceDirectory C:\Users\nites\Desktop\SELENIUM\code\20_File_Upload_Download\FileUploadAndDownload\src\test\resources
2023-09-23 02:02:21,443 [Worker-44: Building] WARN  o.a.m.s.f.DefaultMavenResourcesFiltering - Using platform encoding (Cp1252 actually) to copy filtered resources, i.e. build is platform dependent!
2023-09-23 02:02:21,444 [Worker-44: Building] INFO  o.a.m.s.f.DefaultMavenResourcesFiltering - skip non existing resourceDirectory C:\Users\nites\Desktop\SELENIUM\code\20_File_Upload_Download\FileUploadAndDownload\src\main\resources
2023-09-23 02:02:21,445 [Worker-44: Building] WARN  o.a.m.s.f.DefaultMavenResourcesFiltering - Using platform encoding (Cp1252 actually) to copy filtered resources, i.e. build is platform dependent!
2023-09-23 02:02:21,446 [Worker-44: Building] INFO  o.a.m.s.f.DefaultMavenResourcesFiltering - skip non existing resourceDirectory C:\Users\nites\Desktop\SELENIUM\code\20_File_Upload_Download\FileUploadAndDownload\src\test\resources
2023-09-23 02:06:29,572 [Worker-45: Building] WARN  o.a.m.s.f.DefaultMavenResourcesFiltering - Using platform encoding (Cp1252 actually) to copy filtered resources, i.e. build is platform dependent!
2023-09-23 02:06:29,573 [Worker-45: Building] INFO  o.a.m.s.f.DefaultMavenResourcesFiltering - skip non existing resourceDirectory C:\Users\nites\Desktop\SELENIUM\code\20_File_Upload_Download\FileUploadAndDownload\src\main\resources
2023-09-23 02:06:29,575 [Worker-45: Building] WARN  o.a.m.s.f.DefaultMavenResourcesFiltering - Using platform encoding (Cp1252 actually) to copy filtered resources, i.e. build is platform dependent!
2023-09-23 02:06:29,576 [Worker-45: Building] INFO  o.a.m.s.f.DefaultMavenResourcesFiltering - skip non existing resourceDirectory C:\Users\nites\Desktop\SELENIUM\code\20_File_Upload_Download\FileUploadAndDownload\src\test\resources
2023-09-23 02:09:04,716 [Worker-48: Building] WARN  o.a.m.s.f.DefaultMavenResourcesFiltering - Using platform encoding (Cp1252 actually) to copy filtered resources, i.e. build is platform dependent!
2023-09-23 02:09:04,717 [Worker-48: Building] INFO  o.a.m.s.f.DefaultMavenResourcesFiltering - skip non existing resourceDirectory C:\Users\nites\Desktop\SELENIUM\code\20_File_Upload_Download\FileUploadAndDownload\src\main\resources
2023-09-23 02:09:04,719 [Worker-48: Building] WARN  o.a.m.s.f.DefaultMavenResourcesFiltering - Using platform encoding (Cp1252 actually) to copy filtered resources, i.e. build is platform dependent!
2023-09-23 02:09:04,720 [Worker-48: Building] INFO  o.a.m.s.f.DefaultMavenResourcesFiltering - skip non existing resourceDirectory C:\Users\nites\Desktop\SELENIUM\code\20_File_Upload_Download\FileUploadAndDownload\src\test\resources
2023-09-23 02:26:55,586 [Worker-52: Building] WARN  o.a.m.s.f.DefaultMavenResourcesFiltering - Using platform encoding (Cp1252 actually) to copy filtered resources, i.e. build is platform dependent!
2023-09-23 02:26:55,587 [Worker-52: Building] INFO  o.a.m.s.f.DefaultMavenResourcesFiltering - skip non existing resourceDirectory C:\Users\nites\Desktop\SELENIUM\code\20_File_Upload_Download\FileUploadAndDownload\src\main\resources
2023-09-23 02:26:55,589 [Worker-52: Building] WARN  o.a.m.s.f.DefaultMavenResourcesFiltering - Using platform encoding (Cp1252 actually) to copy filtered resources, i.e. build is platform dependent!
2023-09-23 02:26:55,591 [Worker-52: Building] INFO  o.a.m.s.f.DefaultMavenResourcesFiltering - skip non existing resourceDirectory C:\Users\nites\Desktop\SELENIUM\code\20_File_Upload_Download\FileUploadAndDownload\src\test\resources
2023-09-23 02:32:19,427 [Worker-54: Building] WARN  o.a.m.s.f.DefaultMavenResourcesFiltering - Using platform encoding (Cp1252 actually) to copy filtered resources, i.e. build is platform dependent!
2023-09-23 02:32:19,428 [Worker-54: Building] INFO  o.a.m.s.f.DefaultMavenResourcesFiltering - skip non existing resourceDirectory C:\Users\nites\Desktop\SELENIUM\code\20_File_Upload_Download\FileUploadAndDownload\src\main\resources
2023-09-23 02:32:19,430 [Worker-54: Building] WARN  o.a.m.s.f.DefaultMavenResourcesFiltering - Using platform encoding (Cp1252 actually) to copy filtered resources, i.e. build is platform dependent!
2023-09-23 02:32:19,431 [Worker-54: Building] INFO  o.a.m.s.f.DefaultMavenResourcesFiltering - skip non existing resourceDirectory C:\Users\nites\Desktop\SELENIUM\code\20_File_Upload_Download\FileUploadAndDownload\src\test\resources
2023-09-23 02:33:02,799 [Worker-55: Building] WARN  o.a.m.s.f.DefaultMavenResourcesFiltering - Using platform encoding (Cp1252 actually) to copy filtered resources, i.e. build is platform dependent!
2023-09-23 02:33:02,800 [Worker-55: Building] INFO  o.a.m.s.f.DefaultMavenResourcesFiltering - skip non existing resourceDirectory C:\Users\nites\Desktop\SELENIUM\code\20_File_Upload_Download\FileUploadAndDownload\src\main\resources
2023-09-23 02:33:02,802 [Worker-55: Building] WARN  o.a.m.s.f.DefaultMavenResourcesFiltering - Using platform encoding (Cp1252 actually) to copy filtered resources, i.e. build is platform dependent!
2023-09-23 02:33:02,803 [Worker-55: Building] INFO  o.a.m.s.f.DefaultMavenResourcesFiltering - skip non existing resourceDirectory C:\Users\nites\Desktop\SELENIUM\code\20_File_Upload_Download\FileUploadAndDownload\src\test\resources
2023-09-23 02:35:07,820 [Worker-54: Building] WARN  o.a.m.s.f.DefaultMavenResourcesFiltering - Using platform encoding (Cp1252 actually) to copy filtered resources, i.e. build is platform dependent!
2023-09-23 02:35:07,821 [Worker-54: Building] INFO  o.a.m.s.f.DefaultMavenResourcesFiltering - skip non existing resourceDirectory C:\Users\nites\Desktop\SELENIUM\code\20_File_Upload_Download\FileUploadAndDownload\src\main\resources
2023-09-23 02:35:07,823 [Worker-54: Building] WARN  o.a.m.s.f.DefaultMavenResourcesFiltering - Using platform encoding (Cp1252 actually) to copy filtered resources, i.e. build is platform dependent!
2023-09-23 02:35:07,824 [Worker-54: Building] INFO  o.a.m.s.f.DefaultMavenResourcesFiltering - skip non existing resourceDirectory C:\Users\nites\Desktop\SELENIUM\code\20_File_Upload_Download\FileUploadAndDownload\src\test\resources
2023-09-23 02:52:46,903 [Worker-55: Building] WARN  o.a.m.s.f.DefaultMavenResourcesFiltering - Using platform encoding (Cp1252 actually) to copy filtered resources, i.e. build is platform dependent!
2023-09-23 02:52:46,904 [Worker-55: Building] INFO  o.a.m.s.f.DefaultMavenResourcesFiltering - skip non existing resourceDirectory C:\Users\nites\Desktop\SELENIUM\code\20_File_Upload_Download\FileUploadAndDownload\src\main\resources
2023-09-23 02:52:46,909 [Worker-55: Building] WARN  o.a.m.s.f.DefaultMavenResourcesFiltering - Using platform encoding (Cp1252 actually) to copy filtered resources, i.e. build is platform dependent!
2023-09-23 02:52:46,910 [Worker-55: Building] INFO  o.a.m.s.f.DefaultMavenResourcesFiltering - skip non existing resourceDirectory C:\Users\nites\Desktop\SELENIUM\code\20_File_Upload_Download\FileUploadAndDownload\src\test\resources
2023-09-23 02:53:38,974 [Worker-58: Building] WARN  o.a.m.s.f.DefaultMavenResourcesFiltering - Using platform encoding (Cp1252 actually) to copy filtered resources, i.e. build is platform dependent!
2023-09-23 02:53:38,975 [Worker-58: Building] INFO  o.a.m.s.f.DefaultMavenResourcesFiltering - skip non existing resourceDirectory C:\Users\nites\Desktop\SELENIUM\code\20_File_Upload_Download\FileUploadAndDownload\src\main\resources
2023-09-23 02:53:38,977 [Worker-58: Building] WARN  o.a.m.s.f.DefaultMavenResourcesFiltering - Using platform encoding (Cp1252 actually) to copy filtered resources, i.e. build is platform dependent!
2023-09-23 02:53:38,978 [Worker-58: Building] INFO  o.a.m.s.f.DefaultMavenResourcesFiltering - skip non existing resourceDirectory C:\Users\nites\Desktop\SELENIUM\code\20_File_Upload_Download\FileUploadAndDownload\src\test\resources
2023-09-23 02:55:40,005 [Worker-59: Building] WARN  o.a.m.s.f.DefaultMavenResourcesFiltering - Using platform encoding (Cp1252 actually) to copy filtered resources, i.e. build is platform dependent!
2023-09-23 02:55:40,005 [Worker-59: Building] INFO  o.a.m.s.f.DefaultMavenResourcesFiltering - skip non existing resourceDirectory C:\Users\nites\Desktop\SELENIUM\code\20_File_Upload_Download\FileUploadAndDownload\src\main\resources
2023-09-23 02:55:40,007 [Worker-59: Building] WARN  o.a.m.s.f.DefaultMavenResourcesFiltering - Using platform encoding (Cp1252 actually) to copy filtered resources, i.e. build is platform dependent!
2023-09-23 02:55:40,008 [Worker-59: Building] INFO  o.a.m.s.f.DefaultMavenResourcesFiltering - skip non existing resourceDirectory C:\Users\nites\Desktop\SELENIUM\code\20_File_Upload_Download\FileUploadAndDownload\src\test\resources
2023-09-23 02:55:57,089 [Worker-59: Building] WARN  o.a.m.s.f.DefaultMavenResourcesFiltering - Using platform encoding (Cp1252 actually) to copy filtered resources, i.e. build is platform dependent!
2023-09-23 02:55:57,090 [Worker-59: Building] INFO  o.a.m.s.f.DefaultMavenResourcesFiltering - skip non existing resourceDirectory C:\Users\nites\Desktop\SELENIUM\code\20_File_Upload_Download\FileUploadAndDownload\src\main\resources
2023-09-23 02:55:57,091 [Worker-59: Building] WARN  o.a.m.s.f.DefaultMavenResourcesFiltering - Using platform encoding (Cp1252 actually) to copy filtered resources, i.e. build is platform dependent!
2023-09-23 02:55:57,092 [Worker-59: Building] INFO  o.a.m.s.f.DefaultMavenResourcesFiltering - skip non existing resourceDirectory C:\Users\nites\Desktop\SELENIUM\code\20_File_Upload_Download\FileUploadAndDownload\src\test\resources
2023-09-23 02:58:18,587 [Worker-59: Building] WARN  o.a.m.s.f.DefaultMavenResourcesFiltering - Using platform encoding (Cp1252 actually) to copy filtered resources, i.e. build is platform dependent!
2023-09-23 02:58:18,588 [Worker-59: Building] INFO  o.a.m.s.f.DefaultMavenResourcesFiltering - skip non existing resourceDirectory C:\Users\nites\Desktop\SELENIUM\code\20_File_Upload_Download\FileUploadAndDownload\src\main\resources
2023-09-23 02:58:18,590 [Worker-59: Building] WARN  o.a.m.s.f.DefaultMavenResourcesFiltering - Using platform encoding (Cp1252 actually) to copy filtered resources, i.e. build is platform dependent!
2023-09-23 02:58:18,591 [Worker-59: Building] INFO  o.a.m.s.f.DefaultMavenResourcesFiltering - skip non existing resourceDirectory C:\Users\nites\Desktop\SELENIUM\code\20_File_Upload_Download\FileUploadAndDownload\src\test\resources
2023-09-23 02:58:34,672 [Worker-54: Building] WARN  o.a.m.s.f.DefaultMavenResourcesFiltering - Using platform encoding (Cp1252 actually) to copy filtered resources, i.e. build is platform dependent!
2023-09-23 02:58:34,673 [Worker-54: Building] INFO  o.a.m.s.f.DefaultMavenResourcesFiltering - skip non existing resourceDirectory C:\Users\nites\Desktop\SELENIUM\code\20_File_Upload_Download\FileUploadAndDownload\src\main\resources
2023-09-23 02:58:34,674 [Worker-54: Building] WARN  o.a.m.s.f.DefaultMavenResourcesFiltering - Using platform encoding (Cp1252 actually) to copy filtered resources, i.e. build is platform dependent!
2023-09-23 02:58:34,675 [Worker-54: Building] INFO  o.a.m.s.f.DefaultMavenResourcesFiltering - skip non existing resourceDirectory C:\Users\nites\Desktop\SELENIUM\code\20_File_Upload_Download\FileUploadAndDownload\src\test\resources
2023-09-23 03:02:15,937 [Worker-61: Building] WARN  o.a.m.s.f.DefaultMavenResourcesFiltering - Using platform encoding (Cp1252 actually) to copy filtered resources, i.e. build is platform dependent!
2023-09-23 03:02:15,938 [Worker-61: Building] INFO  o.a.m.s.f.DefaultMavenResourcesFiltering - skip non existing resourceDirectory C:\Users\nites\Desktop\SELENIUM\code\20_File_Upload_Download\FileUploadAndDownload\src\main\resources
2023-09-23 03:02:15,939 [Worker-61: Building] WARN  o.a.m.s.f.DefaultMavenResourcesFiltering - Using platform encoding (Cp1252 actually) to copy filtered resources, i.e. build is platform dependent!
2023-09-23 03:02:15,940 [Worker-61: Building] INFO  o.a.m.s.f.DefaultMavenResourcesFiltering - skip non existing resourceDirectory C:\Users\nites\Desktop\SELENIUM\code\20_File_Upload_Download\FileUploadAndDownload\src\test\resources
2023-09-23 03:06:08,385 [Worker-62: Building] WARN  o.a.m.s.f.DefaultMavenResourcesFiltering - Using platform encoding (Cp1252 actually) to copy filtered resources, i.e. build is platform dependent!
2023-09-23 03:06:08,386 [Worker-62: Building] INFO  o.a.m.s.f.DefaultMavenResourcesFiltering - skip non existing resourceDirectory C:\Users\nites\Desktop\SELENIUM\code\20_File_Upload_Download\FileUploadAndDownload\src\main\resources
2023-09-23 03:06:08,388 [Worker-62: Building] WARN  o.a.m.s.f.DefaultMavenResourcesFiltering - Using platform encoding (Cp1252 actually) to copy filtered resources, i.e. build is platform dependent!
2023-09-23 03:06:08,389 [Worker-62: Building] INFO  o.a.m.s.f.DefaultMavenResourcesFiltering - skip non existing resourceDirectory C:\Users\nites\Desktop\SELENIUM\code\20_File_Upload_Download\FileUploadAndDownload\src\test\resources
2023-09-23 03:07:51,310 [Worker-62: Building] WARN  o.a.m.s.f.DefaultMavenResourcesFiltering - Using platform encoding (Cp1252 actually) to copy filtered resources, i.e. build is platform dependent!
2023-09-23 03:07:51,311 [Worker-62: Building] INFO  o.a.m.s.f.DefaultMavenResourcesFiltering - skip non existing resourceDirectory C:\Users\nites\Desktop\SELENIUM\code\20_File_Upload_Download\FileUploadAndDownload\src\main\resources
2023-09-23 03:07:51,313 [Worker-62: Building] WARN  o.a.m.s.f.DefaultMavenResourcesFiltering - Using platform encoding (Cp1252 actually) to copy filtered resources, i.e. build is platform dependent!
2023-09-23 03:07:51,314 [Worker-62: Building] INFO  o.a.m.s.f.DefaultMavenResourcesFiltering - skip non existing resourceDirectory C:\Users\nites\Desktop\SELENIUM\code\20_File_Upload_Download\FileUploadAndDownload\src\test\resources
2023-09-23 03:09:13,733 [Worker-58: Building] WARN  o.a.m.s.f.DefaultMavenResourcesFiltering - Using platform encoding (Cp1252 actually) to copy filtered resources, i.e. build is platform dependent!
2023-09-23 03:09:13,734 [Worker-58: Building] INFO  o.a.m.s.f.DefaultMavenResourcesFiltering - skip non existing resourceDirectory C:\Users\nites\Desktop\SELENIUM\code\20_File_Upload_Download\FileUploadAndDownload\src\main\resources
2023-09-23 03:09:13,736 [Worker-58: Building] WARN  o.a.m.s.f.DefaultMavenResourcesFiltering - Using platform encoding (Cp1252 actually) to copy filtered resources, i.e. build is platform dependent!
2023-09-23 03:09:13,737 [Worker-58: Building] INFO  o.a.m.s.f.DefaultMavenResourcesFiltering - skip non existing resourceDirectory C:\Users\nites\Desktop\SELENIUM\code\20_File_Upload_Download\FileUploadAndDownload\src\test\resources
2023-09-23 03:10:32,155 [Worker-66: Building] WARN  o.a.m.s.f.DefaultMavenResourcesFiltering - Using platform encoding (Cp1252 actually) to copy filtered resources, i.e. build is platform dependent!
2023-09-23 03:10:32,156 [Worker-66: Building] INFO  o.a.m.s.f.DefaultMavenResourcesFiltering - skip non existing resourceDirectory C:\Users\nites\Desktop\SELENIUM\code\20_File_Upload_Download\FileUploadAndDownload\src\main\resources
2023-09-23 03:10:32,158 [Worker-66: Building] WARN  o.a.m.s.f.DefaultMavenResourcesFiltering - Using platform encoding (Cp1252 actually) to copy filtered resources, i.e. build is platform dependent!
2023-09-23 03:10:32,159 [Worker-66: Building] INFO  o.a.m.s.f.DefaultMavenResourcesFiltering - skip non existing resourceDirectory C:\Users\nites\Desktop\SELENIUM\code\20_File_Upload_Download\FileUploadAndDownload\src\test\resources
2023-09-23 03:11:00,600 [Worker-63: Building] WARN  o.a.m.s.f.DefaultMavenResourcesFiltering - Using platform encoding (Cp1252 actually) to copy filtered resources, i.e. build is platform dependent!
2023-09-23 03:11:00,601 [Worker-63: Building] INFO  o.a.m.s.f.DefaultMavenResourcesFiltering - skip non existing resourceDirectory C:\Users\nites\Desktop\SELENIUM\code\20_File_Upload_Download\FileUploadAndDownload\src\main\resources
2023-09-23 03:11:00,602 [Worker-63: Building] WARN  o.a.m.s.f.DefaultMavenResourcesFiltering - Using platform encoding (Cp1252 actually) to copy filtered resources, i.e. build is platform dependent!
2023-09-23 03:11:00,603 [Worker-63: Building] INFO  o.a.m.s.f.DefaultMavenResourcesFiltering - skip non existing resourceDirectory C:\Users\nites\Desktop\SELENIUM\code\20_File_Upload_Download\FileUploadAndDownload\src\test\resources
2023-09-23 03:11:19,029 [Worker-65: Building] WARN  o.a.m.s.f.DefaultMavenResourcesFiltering - Using platform encoding (Cp1252 actually) to copy filtered resources, i.e. build is platform dependent!
2023-09-23 03:11:19,031 [Worker-65: Building] INFO  o.a.m.s.f.DefaultMavenResourcesFiltering - skip non existing resourceDirectory C:\Users\nites\Desktop\SELENIUM\code\20_File_Upload_Download\FileUploadAndDownload\src\main\resources
2023-09-23 03:11:19,034 [Worker-65: Building] WARN  o.a.m.s.f.DefaultMavenResourcesFiltering - Using platform encoding (Cp1252 actually) to copy filtered resources, i.e. build is platform dependent!
2023-09-23 03:11:19,035 [Worker-65: Building] INFO  o.a.m.s.f.DefaultMavenResourcesFiltering - skip non existing resourceDirectory C:\Users\nites\Desktop\SELENIUM\code\20_File_Upload_Download\FileUploadAndDownload\src\test\resources
